0 info it worked if it ends with ok
1 verbose cli [ 'node', '/usr/bin/npm', 'install', '-g', 'bower' ]
2 info using npm@1.1.37
3 info using node@v0.6.20
4 verbose config file /var/lib/openshift/572c162889f5cf5acf000199/.npmrc
5 verbose config file /usr/etc/npmrc
6 verbose config file /usr/lib/node_modules/npm/npmrc
7 verbose read json /usr/lib/package.json
8 verbose read json /usr/lib/package.json
9 verbose cache add [ 'bower', null ]
10 silly cache add name=undefined spec="bower" args=["bower",null]
11 verbose parsed url { pathname: 'bower', path: 'bower', href: 'bower' }
12 silly lockFile 206e3ce5-bower bower
13 verbose addNamed [ 'bower', '' ]
14 verbose addNamed [ null, '' ]
15 silly lockFile 1240aab1-bower bower@
16 error Error: EACCES, mkdir '/var/lib/openshift/572c162889f5cf5acf000199/.npm'
16 error  { [Error: EACCES, mkdir '/var/lib/openshift/572c162889f5cf5acf000199/.npm']
16 error   errno: 3,
16 error   code: 'EACCES',
16 error   path: '/var/lib/openshift/572c162889f5cf5acf000199/.npm' }
17 error Please try running this command again as root/Administrator.
18 error System Linux 2.6.32-573.12.1.el6.x86_64
19 error command "node" "/usr/bin/npm" "install" "-g" "bower"
20 error cwd /var/lib/openshift/572c162889f5cf5acf000199/app-root/runtime/repo/php/plugins
21 error node -v v0.6.20
22 error npm -v 1.1.37
23 error path /var/lib/openshift/572c162889f5cf5acf000199/.npm
24 error code EACCES
25 error message EACCES, mkdir '/var/lib/openshift/572c162889f5cf5acf000199/.npm'
26 error errno 3
27 error 3 errno
28 verbose exit [ 3, true ]
